2017-09-12 17:30:34,666 - wsl - DEBUG - -0.00006191
2017-09-12 17:30:40,466 - wsl - DEBUG - -0.00005579
2017-09-12 17:30:46,662 - wsl - DEBUG - -0.00005556
2017-09-12 17:30:52,867 - wsl - DEBUG - -0.00003166
2017-09-12 17:31:01,323 - wsl - DEBUG - -0.00003142
2017-09-12 17:31:08,612 - wsl - DEBUG - -0.00003141
2017-09-12 17:31:17,660 - wsl - DEBUG - -0.00005029
2017-09-12 17:31:26,657 - wsl - DEBUG - -0.00005527
2017-09-12 17:31:33,636 - wsl - DEBUG - -0.00004226
2017-09-12 17:31:40,035 - wsl - DEBUG - -0.00003317
2017-09-12 17:31:48,640 - wsl - DEBUG - -0.00003004
2017-09-12 17:31:55,458 - wsl - DEBUG - -0.000025
2017-09-12 17:32:03,581 - wsl - DEBUG - -0.00002393
2017-09-12 17:32:09,117 - wsl - DEBUG - -0.00002586
2017-09-12 17:32:18,213 - wsl - DEBUG - -0.00002569
2017-09-12 17:32:27,750 - wsl - DEBUG - -0.00002466
2017-09-12 17:32:34,056 - wsl - DEBUG - -0.00004266
2017-09-12 17:32:44,225 - wsl - DEBUG - -0.00002064
2017-09-12 17:32:50,418 - wsl - DEBUG - -0.00002055
2017-09-12 17:32:57,462 - wsl - DEBUG - -0.00001363
2017-09-12 17:33:09,077 - wsl - DEBUG - -6.3E-7
2017-09-12 17:33:19,705 - wsl - DEBUG - -0.00000263
2017-09-12 17:33:27,810 - wsl - DEBUG - -0.00000563
2017-09-12 17:33:34,770 - wsl - DEBUG - -0.00000263
2017-09-12 17:33:39,692 - wsl - DEBUG - -0.00000263
2017-09-12 17:33:44,869 - wsl - DEBUG - -0.00000463
2017-09-12 17:33:49,486 - wsl - DEBUG - -0.00000463
2017-09-12 17:33:57,685 - wsl - DEBUG - -0.00000363
2017-09-12 17:34:04,969 - wsl - DEBUG - -6.3E-7
2017-09-12 17:34:10,015 - wsl - DEBUG - -6.3E-7
2017-09-12 17:34:15,903 - wsl - DEBUG - -6.3E-7
2017-09-12 17:34:22,872 - wsl - DEBUG - -6.3E-7
2017-09-12 17:34:28,918 - wsl - DEBUG - -6.3E-7
2017-09-12 17:34:34,740 - wsl - DEBUG - -6.3E-7
2017-09-12 17:34:46,914 - wsl - DEBUG - -6.3E-7
2017-09-12 17:34:54,613 - wsl - DEBUG - -4.9E-7
2017-09-12 17:39:15,921 - wsl - DEBUG - 0.00001088
2017-09-12 17:39:20,172 - wsl - DEBUG - 0.00001988
2017-09-12 17:39:25,652 - wsl - DEBUG - 0.00001888
2017-09-12 17:39:29,961 - wsl - DEBUG - 0.00001788
2017-09-12 17:39:35,922 - wsl - DEBUG - 0.00001788
2017-09-12 17:39:41,916 - wsl - DEBUG - 0.00002288
2017-09-12 17:39:49,161 - wsl - DEBUG - 0.00005488
2017-09-12 17:39:54,513 - wsl - DEBUG - 0.00003388
2017-09-12 17:39:59,996 - wsl - DEBUG - -0.00002045
2017-09-12 17:40:06,238 - wsl - DEBUG - -0.00002244
2017-09-12 17:40:11,302 - wsl - DEBUG - -0.00002244
2017-09-12 17:40:17,606 - wsl - DEBUG - -0.00002144
2017-09-12 17:40:23,031 - wsl - DEBUG - -0.00002144
2017-09-12 17:40:28,699 - wsl - DEBUG - -0.00002144
2017-09-12 17:40:35,140 - wsl - DEBUG - -0.00002444
2017-09-12 17:40:40,675 - wsl - DEBUG - -0.00002344
2017-09-12 17:40:50,543 - wsl - DEBUG - 5.5E-7
2017-09-12 17:40:55,973 - wsl - DEBUG - -0.00000145
2017-09-12 17:41:02,777 - wsl - DEBUG - 0.00000255
2017-09-12 17:41:07,972 - wsl - DEBUG - -0.00000145
2017-09-12 17:41:13,746 - wsl - DEBUG - -0.00000144
2017-09-12 17:41:20,406 - wsl - DEBUG - 0.000061
2017-09-12 17:41:25,078 - wsl - DEBUG - 0.000064
2017-09-12 17:41:28,819 - wsl - DEBUG - 0.000061
2017-09-12 17:41:33,223 - wsl - DEBUG - 0.000059
2017-09-12 17:41:38,883 - wsl - DEBUG - 0.000065
2017-09-12 17:41:42,946 - wsl - DEBUG - 0.000065
2017-09-12 17:41:48,296 - wsl - DEBUG - 0.000067
2017-09-12 17:41:52,599 - wsl - DEBUG - 0.000070
2017-09-12 17:41:57,724 - wsl - DEBUG - 0.00007001
2017-09-12 17:42:02,950 - wsl - DEBUG - 0.00001955
2017-09-12 17:42:08,098 - wsl - DEBUG - 0.00002255
2017-09-12 17:42:14,904 - wsl - DEBUG - 0.00002555
2017-09-12 17:42:19,322 - wsl - DEBUG - 0.00004555
2017-09-12 17:42:24,972 - wsl - DEBUG - 0.00004555
2017-09-12 17:42:29,235 - wsl - DEBUG - 0.00004555
2017-09-12 17:42:33,475 - wsl - DEBUG - 0.00004855
2017-09-12 17:42:38,791 - wsl - DEBUG - 0.00006055
2017-09-12 17:42:43,010 - wsl - DEBUG - 0.00006055
2017-09-12 17:42:47,404 - wsl - DEBUG - 0.00006055
2017-09-12 17:42:50,787 - wsl - DEBUG - 0.00006055
2017-09-12 17:42:54,933 - wsl - DEBUG - 0.00006055
2017-09-12 17:43:03,680 - wsl - DEBUG - bitfinex深度信息获取失败
2017-09-12 17:43:07,095 - wsl - DEBUG - 0.00004255
2017-09-12 17:43:12,037 - wsl - DEBUG - 0.00003955
2017-09-12 17:43:17,443 - wsl - DEBUG - 0.00004855
2017-09-12 17:43:21,088 - wsl - DEBUG - 0.00003555
2017-09-12 17:43:25,357 - wsl - DEBUG - 0.00003255
2017-09-12 17:43:29,861 - wsl - DEBUG - 0.00003655
2017-09-12 17:43:34,086 - wsl - DEBUG - 0.00003555
2017-09-12 17:43:38,550 - wsl - DEBUG - 0.00003555
2017-09-12 17:43:42,927 - wsl - DEBUG - 0.00003555
2017-09-12 17:43:47,183 - wsl - DEBUG - 0.00003555
2017-09-12 17:43:52,250 - wsl - DEBUG - 0.00004055
2017-09-12 17:43:55,615 - wsl - DEBUG - 0.00004055
2017-09-12 17:43:59,406 - wsl - DEBUG - 0.00004055
2017-09-12 17:44:04,717 - wsl - DEBUG - 0.00002655
2017-09-12 17:44:10,997 - wsl - DEBUG - 0.00002655
2017-09-12 17:44:16,320 - wsl - DEBUG - 0.00004055
2017-09-12 17:44:21,021 - wsl - DEBUG - 0.00003855
2017-09-12 17:44:27,096 - wsl - DEBUG - 0.00001655
2017-09-12 17:44:31,289 - wsl - DEBUG - 0.00002955
2017-09-12 17:44:35,495 - wsl - DEBUG - 0.00002955
2017-09-12 17:44:40,907 - wsl - DEBUG - 0.00000655
2017-09-12 17:44:45,613 - wsl - DEBUG - 0.00000555
2017-09-12 17:44:49,896 - wsl - DEBUG - 0.00005055
2017-09-12 17:44:54,141 - wsl - DEBUG - -0.00000216
2017-09-12 17:44:58,313 - wsl - DEBUG - -0.00000416
2017-09-12 17:45:02,621 - wsl - DEBUG - -0.00001516
2017-09-12 17:45:06,707 - wsl - DEBUG - -0.00000416
2017-09-12 17:45:10,952 - wsl - DEBUG - -0.00001016
2017-09-12 17:45:15,764 - wsl - DEBUG - -0.00001016
2017-09-12 17:45:19,948 - wsl - DEBUG - -0.00001016
2017-09-12 17:45:27,227 - wsl - DEBUG - -0.00001016
2017-09-12 17:45:32,060 - wsl - DEBUG - -0.00000416
2017-09-12 17:45:35,892 - wsl - DEBUG - -0.00000316
2017-09-12 17:45:40,652 - wsl - DEBUG - -0.00000416
2017-09-12 17:45:45,067 - wsl - DEBUG - -0.00000316
2017-09-12 17:45:49,002 - wsl - DEBUG - -0.00000316
2017-09-12 17:45:54,479 - wsl - DEBUG - 0.00005484
2017-09-12 17:45:59,055 - wsl - DEBUG - -0.000006
2017-09-12 17:46:04,412 - wsl - DEBUG - -0.00000733
2017-09-12 17:46:10,945 - wsl - DEBUG - -0.00000433
2017-09-12 17:46:16,706 - wsl - DEBUG - 0.00000367
2017-09-12 17:46:20,896 - wsl - DEBUG - 0.00002167
2017-09-12 17:46:26,605 - wsl - DEBUG - 0.00003167
2017-09-12 17:46:31,760 - wsl - DEBUG - 0.00004467
2017-09-12 17:46:35,594 - wsl - DEBUG - 0.00004967
2017-09-12 17:46:40,479 - wsl - DEBUG - 0.00005167
2017-09-12 17:46:45,038 - wsl - DEBUG - 0.00006267
2017-09-12 17:46:49,923 - wsl - DEBUG - 0.00006367
2017-09-12 17:46:54,093 - wsl - DEBUG - 0.00006367
2017-09-12 17:46:58,279 - wsl - DEBUG - 0.00006367
2017-09-12 17:47:02,670 - wsl - DEBUG - 0.00006367
2017-09-12 17:47:07,307 - wsl - DEBUG - 0.00005967
2017-09-12 17:47:11,744 - wsl - DEBUG - 0.00005967
2017-09-12 17:47:16,608 - wsl - DEBUG - 0.00005967
2017-09-12 17:47:20,322 - wsl - DEBUG - 0.00006667
2017-09-12 17:47:26,742 - wsl - DEBUG - 0.00004667
2017-09-12 17:47:31,457 - wsl - DEBUG - 0.00004867
2017-09-12 17:47:35,181 - wsl - DEBUG - 0.00004667
2017-09-12 17:47:39,588 - wsl - DEBUG - 0.00004667
2017-09-12 17:47:43,715 - wsl - DEBUG - 0.00004767
2017-09-12 17:47:47,935 - wsl - DEBUG - 0.00004667
2017-09-12 17:47:52,667 - wsl - DEBUG - 0.00004667
2017-09-12 17:47:57,355 - wsl - DEBUG - 0.00004667
2017-09-12 17:48:02,408 - wsl - DEBUG - 0.00004667
2017-09-12 17:48:06,202 - wsl - DEBUG - 0.00004667
2017-09-12 17:48:09,985 - wsl - DEBUG - 0.00004667
2017-09-12 17:48:15,637 - wsl - DEBUG - 0.00004867
2017-09-12 17:48:20,257 - wsl - DEBUG - 0.00004867
2017-09-12 17:48:25,648 - wsl - DEBUG - 0.00004867
2017-09-12 17:48:29,936 - wsl - DEBUG - 0.00004867
2017-09-12 17:48:34,074 - wsl - DEBUG - 0.00004367
2017-09-12 17:48:39,304 - wsl - DEBUG - 0.00003967
2017-09-12 17:48:43,492 - wsl - DEBUG - 0.000046
2017-09-12 17:48:50,476 - wsl - DEBUG - 0.000046
2017-09-12 17:48:55,339 - wsl - DEBUG - 0.000046
2017-09-12 17:49:00,664 - wsl - DEBUG - 0.00003967
2017-09-12 17:49:05,567 - wsl - DEBUG - 0.00000667
2017-09-12 17:49:09,368 - wsl - DEBUG - 0.00003967
2017-09-12 17:49:14,628 - wsl - DEBUG - 0.00001767
2017-09-12 17:49:18,545 - wsl - DEBUG - 0.00001167
2017-09-12 17:49:22,368 - wsl - DEBUG - 0.00000468
2017-09-12 17:49:27,011 - wsl - DEBUG - 0.00002967
2017-09-12 17:49:30,761 - wsl - DEBUG - 0.00003167
2017-09-12 17:49:35,143 - wsl - DEBUG - 0.00003467
2017-09-12 17:49:40,118 - wsl - DEBUG - 0.00004568
2017-09-12 17:49:44,891 - wsl - DEBUG - 0.00004568
2017-09-12 17:49:50,254 - wsl - DEBUG - 0.000053
2017-09-12 17:49:54,467 - wsl - DEBUG - 0.00006067
2017-09-12 17:49:59,104 - wsl - DEBUG - 0.00006067
2017-09-12 17:50:03,743 - wsl - DEBUG - 0.00006467
2017-09-12 17:50:07,847 - wsl - DEBUG - 0.00006467
2017-09-12 17:50:13,284 - wsl - DEBUG - 0.00006467
2017-09-12 17:50:17,062 - wsl - DEBUG - 0.00009167
2017-09-12 17:50:21,167 - wsl - DEBUG - 0.00009267
2017-09-12 17:50:26,191 - wsl - DEBUG - 0.00009567
2017-09-12 17:50:30,399 - wsl - DEBUG - 0.00009767
2017-09-12 17:50:35,200 - wsl - DEBUG - 0.00009767
2017-09-12 17:50:39,881 - wsl - DEBUG - 0.00009767
2017-09-12 17:50:44,455 - wsl - DEBUG - 0.00008767
2017-09-12 17:50:48,708 - wsl - DEBUG - 0.00009167
2017-09-12 17:50:52,416 - wsl - DEBUG - 0.00008867
2017-09-12 17:50:57,317 - wsl - DEBUG - 0.00008867
2017-09-12 17:57:25,879 - wsl - DEBUG - 0.0000121
2017-09-12 17:59:20,441 - wsl - DEBUG - bitfinex深度信息获取失败
2017-09-12 18:01:05,896 - wsl - DEBUG - 0.00000196
2017-09-12 18:01:11,100 - wsl - DEBUG - -0.00000802
2017-09-12 18:01:16,624 - wsl - DEBUG - 0.00005096
2017-09-12 18:01:20,467 - wsl - DEBUG - 0.00000303
2017-09-12 18:01:24,938 - wsl - DEBUG - -0.00000801
2017-09-12 18:01:29,844 - wsl - DEBUG - -0.00000801
2017-09-12 18:01:34,447 - wsl - DEBUG - -0.00000797
2017-09-12 18:01:39,251 - wsl - DEBUG - 9.4E-7
2017-09-12 18:01:44,255 - wsl - DEBUG - -0.00000406
2017-09-12 18:01:49,399 - wsl - DEBUG - -0.00000311
2017-09-12 18:01:56,511 - wsl - DEBUG - -0.000005
2017-09-12 18:02:01,006 - wsl - DEBUG - -0.000005
2017-09-12 18:02:06,795 - wsl - DEBUG - -0.000005
2017-09-12 18:02:12,150 - wsl - DEBUG - -0.000005
2017-09-12 18:02:17,368 - wsl - DEBUG - -0.000001
2017-09-12 18:02:22,228 - wsl - DEBUG - 0.000007
2017-09-12 18:02:28,527 - wsl - DEBUG - 0.000020
2017-09-12 18:02:33,556 - wsl - DEBUG - 0.000020
2017-09-12 18:02:40,115 - wsl - DEBUG - -0.00004787
2017-09-12 18:02:44,668 - wsl - DEBUG - -0.00004786
2017-09-12 18:02:49,283 - wsl - DEBUG - -0.00004783
2017-09-12 18:02:56,220 - wsl - DEBUG - -0.00005976
2017-09-12 18:03:02,040 - wsl - DEBUG - -0.000062
2017-09-12 18:03:08,446 - wsl - DEBUG - -0.00007088
2017-09-12 18:03:14,006 - wsl - DEBUG - -0.00007083
2017-09-12 18:03:19,222 - wsl - DEBUG - -0.00007083
2017-09-12 18:03:24,073 - wsl - DEBUG - -0.00007083
2017-09-12 18:03:29,814 - wsl - DEBUG - -0.00007199
2017-09-12 18:03:34,601 - wsl - DEBUG - -0.00007669
2017-09-12 18:03:40,018 - wsl - DEBUG - -0.00007299
2017-09-12 18:03:45,301 - wsl - DEBUG - -0.00006699
2017-09-12 18:03:51,119 - wsl - DEBUG - -0.00006099
2017-09-12 18:03:55,715 - wsl - DEBUG - -0.00005499
2017-09-12 18:04:00,160 - wsl - DEBUG - -0.00000199
2017-09-12 18:04:06,005 - wsl - DEBUG - 0.00000701
2017-09-12 18:04:11,148 - wsl - DEBUG - -0.00000612
2017-09-12 18:04:17,099 - wsl - DEBUG - -0.00001212
2017-09-12 18:04:23,154 - wsl - DEBUG - -0.00007544
2017-09-12 18:04:27,872 - wsl - DEBUG - -0.00000744
2017-09-12 18:04:32,735 - wsl - DEBUG - -0.00000844
2017-09-12 18:05:56,484 - wsl - DEBUG - -0.00005192
2017-09-12 18:06:02,217 - wsl - DEBUG - -0.00004716
2017-09-12 18:06:07,023 - wsl - DEBUG - -0.00004706
2017-09-12 18:06:11,749 - wsl - DEBUG - -0.00005198
2017-09-12 18:06:17,185 - wsl - DEBUG - -0.00004891
2017-09-12 18:06:22,139 - wsl - DEBUG - -0.00004691
2017-09-12 18:06:28,003 - wsl - DEBUG - -0.00000867
2017-09-12 18:06:33,857 - wsl - DEBUG - 0.00000233
2017-09-12 18:06:39,470 - wsl - DEBUG - -0.00000467
2017-09-12 18:06:45,462 - wsl - DEBUG - 0.00000433
2017-09-12 18:06:49,802 - wsl - DEBUG - 0.00000333
2017-09-12 18:06:53,779 - wsl - DEBUG - -0.00000167
2017-09-12 18:07:00,459 - wsl - DEBUG - -0.00000167
2017-09-12 18:07:06,409 - wsl - DEBUG - -0.00001367
2017-09-12 18:07:10,842 - wsl - DEBUG - -0.00001667
2017-09-12 18:07:15,289 - wsl - DEBUG - -0.00001567
2017-09-12 18:07:19,528 - wsl - DEBUG - -0.00000267
2017-09-12 18:07:27,758 - wsl - DEBUG - 0.00000233
2017-09-12 18:07:34,659 - wsl - DEBUG - -0.00000267
2017-09-12 18:07:41,253 - wsl - DEBUG - 0.00000133
2017-09-12 18:07:47,296 - wsl - DEBUG - -6.7E-7
2017-09-12 18:07:52,595 - wsl - DEBUG - 0.00000333
2017-09-12 18:07:58,974 - wsl - DEBUG - -6.7E-7
2017-09-12 18:08:05,117 - wsl - DEBUG - -0.00000167
2017-09-12 18:08:10,734 - wsl - DEBUG - -0.00001467
2017-09-12 18:08:16,192 - wsl - DEBUG - -0.00000567
2017-09-12 18:08:21,221 - wsl - DEBUG - 0.00001733
2017-09-12 18:08:28,786 - wsl - DEBUG - 0.000014
2017-09-12 18:08:34,957 - wsl - DEBUG - 0.00001333
2017-09-12 18:08:40,689 - wsl - DEBUG - 0.00000733
2017-09-12 18:08:46,289 - wsl - DEBUG - 0.00000733
2017-09-12 18:08:52,100 - wsl - DEBUG - 0.00001133
2017-09-12 18:08:57,548 - wsl - DEBUG - 0.00001133
2017-09-12 18:09:03,666 - wsl - DEBUG - 0.00001233
2017-09-12 18:09:08,867 - wsl - DEBUG - 0.00001433
2017-09-12 18:09:16,401 - wsl - DEBUG - 0.00001433
2017-09-12 18:09:20,995 - wsl - DEBUG - 0.00001433
2017-09-12 18:09:26,688 - wsl - DEBUG - 0.00001433
2017-09-12 18:09:32,307 - wsl - DEBUG - 0.00000333
2017-09-12 18:09:37,837 - wsl - DEBUG - -0.00000267
2017-09-12 18:09:42,464 - wsl - DEBUG - 0.00000833
2017-09-12 18:09:49,551 - wsl - DEBUG - 0.00001433
2017-09-12 18:09:53,873 - wsl - DEBUG - -0.00001033
2017-09-12 18:09:59,543 - wsl - DEBUG - -0.00001698
2017-09-12 18:10:06,140 - wsl - DEBUG - -0.00001626
2017-09-12 18:10:12,274 - wsl - DEBUG - -0.00001516
2017-09-12 18:10:16,235 - wsl - DEBUG - -0.00001516
2017-09-12 18:10:21,499 - wsl - DEBUG - -0.00001216
2017-09-12 18:10:26,960 - wsl - DEBUG - -0.00001416
2017-09-12 18:10:32,246 - wsl - DEBUG - -0.00002016
2017-09-12 18:10:37,132 - wsl - DEBUG - -0.00002316
2017-09-12 18:10:42,914 - wsl - DEBUG - -0.0000221
2017-09-12 18:10:48,002 - wsl - DEBUG - -0.00002202
2017-09-12 18:10:52,216 - wsl - DEBUG - -0.00003796
2017-09-12 18:10:57,425 - wsl - DEBUG - -0.00004596
2017-09-12 18:11:02,484 - wsl - DEBUG - -0.00004596
2017-09-12 18:11:07,833 - wsl - DEBUG - -0.0000401
2017-09-12 18:11:11,476 - wsl - DEBUG - -0.00004002
2017-09-12 18:11:16,018 - wsl - DEBUG - -0.00004002
2017-09-12 18:11:20,808 - wsl - DEBUG - -0.00004002
2017-09-12 18:11:25,588 - wsl - DEBUG - -0.00004002
2017-09-12 18:11:33,280 - wsl - DEBUG - -0.0000321
2017-09-12 18:11:37,300 - wsl - DEBUG - -0.0000451
2017-09-12 18:11:42,627 - wsl - DEBUG - -0.00005307
2017-09-12 18:11:47,257 - wsl - DEBUG - -0.00004299
2017-09-12 18:11:51,668 - wsl - DEBUG - -0.00004299
2017-09-12 18:11:57,769 - wsl - DEBUG - -0.00004289
2017-09-12 18:12:01,601 - wsl - DEBUG - -0.00005183
2017-09-12 18:12:05,528 - wsl - DEBUG - -0.00006382
2017-09-12 18:12:10,234 - wsl - DEBUG - -0.00006177
2017-09-12 18:12:14,377 - wsl - DEBUG - -0.0000617
2017-09-12 18:12:18,446 - wsl - DEBUG - -0.00006166
2017-09-12 18:12:27,072 - wsl - DEBUG - -0.00005966
2017-09-12 18:12:35,744 - wsl - DEBUG - bitfinex深度信息获取失败
2017-09-12 18:12:40,780 - wsl - DEBUG - -0.00005856
2017-09-12 18:12:45,209 - wsl - DEBUG - -0.00005849
2017-09-12 18:12:51,268 - wsl - DEBUG - -0.00005848
2017-09-12 18:12:55,800 - wsl - DEBUG - -0.00005845
2017-09-12 18:13:03,390 - wsl - DEBUG - -0.0000584
2017-09-12 18:13:11,650 - wsl - DEBUG - -0.0000594
2017-09-12 18:13:17,866 - wsl - DEBUG - -0.00005437
2017-09-12 18:13:22,638 - wsl - DEBUG - -0.00003932
2017-09-12 18:13:27,811 - wsl - DEBUG - -0.00003632
2017-09-12 18:13:32,630 - wsl - DEBUG - -0.0000332
2017-09-12 18:13:37,820 - wsl - DEBUG - -0.00003116
2017-09-12 18:13:42,339 - wsl - DEBUG - -0.00003104
2017-09-12 18:13:47,319 - wsl - DEBUG - -0.00003103
2017-09-12 18:13:52,874 - wsl - DEBUG - -0.00003095
2017-09-12 18:13:57,799 - wsl - DEBUG - -0.00002491
2017-09-12 18:14:03,185 - wsl - DEBUG - -0.00001178
2017-09-12 18:14:10,243 - wsl - DEBUG - 0.00000333
2017-09-12 18:14:15,367 - wsl - DEBUG - 0.00000339
2017-09-12 18:14:19,812 - wsl - DEBUG - 0.00000339
2017-09-12 18:14:29,198 - wsl - DEBUG - 0.00000354
2017-09-12 18:14:37,063 - wsl - DEBUG - -0.00000337
2017-09-12 18:14:41,323 - wsl - DEBUG - -0.00000531
2017-09-12 18:14:46,346 - wsl - DEBUG - -0.0000082
2017-09-12 18:14:51,102 - wsl - DEBUG - -0.0000092
2017-09-12 18:14:55,705 - wsl - DEBUG - -0.0000092
2017-09-12 18:15:01,049 - wsl - DEBUG - -0.00001711
2017-09-12 18:15:05,988 - wsl - DEBUG - -0.00002406
2017-09-12 18:15:13,639 - wsl - DEBUG - -0.00002398
2017-09-12 18:15:19,029 - wsl - DEBUG - -0.00001498
2017-09-12 18:15:24,310 - wsl - DEBUG - -0.0000079
2017-09-12 18:15:28,360 - wsl - DEBUG - -0.00000486
2017-09-12 18:15:32,809 - wsl - DEBUG - 0.00000214
2017-09-12 18:15:37,445 - wsl - DEBUG - 0.00000314
2017-09-12 18:15:41,765 - wsl - DEBUG - 0.00000321
2017-09-12 18:15:47,021 - wsl - DEBUG - 0.00000321
2017-09-12 18:15:51,920 - wsl - DEBUG - 0.00000326
2017-09-12 18:15:57,803 - wsl - DEBUG - 0.00000426
2017-09-12 18:16:03,836 - wsl - DEBUG - 0.00000426
2017-09-12 18:16:09,528 - wsl - DEBUG - 0.00000434
2017-09-12 18:16:14,870 - wsl - DEBUG - 0.00000334
2017-09-12 18:16:18,892 - wsl - DEBUG - 0.00000341
2017-09-12 18:16:24,129 - wsl - DEBUG - 5.2E-7
2017-09-12 18:16:28,148 - wsl - DEBUG - -0.00009399
2017-09-12 18:16:33,354 - wsl - DEBUG - -0.00000558
2017-09-12 18:16:39,103 - wsl - DEBUG - -0.00009037
2017-09-12 18:16:46,543 - wsl - DEBUG - -0.00008193
2017-09-12 18:16:52,540 - wsl - DEBUG - -0.000081
2017-09-12 18:16:58,235 - wsl - DEBUG - -0.000075
2017-09-12 18:17:04,035 - wsl - DEBUG - -0.000071
2017-09-12 18:17:09,292 - wsl - DEBUG - -0.000069
2017-09-12 18:17:16,695 - wsl - DEBUG - -0.0000759
2017-09-12 18:17:21,366 - wsl - DEBUG - -0.0000749
2017-09-12 18:17:26,412 - wsl - DEBUG - -0.000073
2017-09-12 18:17:31,805 - wsl - DEBUG - -0.00008193
2017-09-12 18:17:37,802 - wsl - DEBUG - -0.00008495
2017-09-12 18:17:42,410 - wsl - DEBUG - -0.00008489
2017-09-12 18:17:47,831 - wsl - DEBUG - -0.00008795
2017-09-12 18:17:53,342 - wsl - DEBUG - -0.0000959
2017-09-12 18:17:58,768 - wsl - DEBUG - -0.0000919
2017-09-12 18:18:05,720 - wsl - DEBUG - -0.00009183
2017-09-12 18:18:10,472 - wsl - DEBUG - -0.00009183
2017-09-12 18:18:15,597 - wsl - DEBUG - -0.00009473
2017-09-12 18:18:19,994 - wsl - DEBUG - -0.00009772
2017-09-12 18:18:24,934 - wsl - DEBUG - -0.00009366
2017-09-12 18:18:29,772 - wsl - DEBUG - -0.00009158
2017-09-12 18:18:33,940 - wsl - DEBUG - -0.00009057
2017-09-12 18:18:40,743 - wsl - DEBUG - -0.00009649
2017-09-12 18:18:49,145 - wsl - DEBUG - -0.00009449
2017-09-12 18:18:54,125 - wsl - DEBUG - -0.00010341
2017-09-12 18:18:59,132 - wsl - DEBUG - -0.0001023
2017-09-12 18:19:04,218 - wsl - DEBUG - -0.0000973
2017-09-12 18:19:09,420 - wsl - DEBUG - -0.00009227
2017-09-12 18:19:14,307 - wsl - DEBUG - -0.0000872
2017-09-12 18:19:21,096 - wsl - DEBUG - -0.00009403
2017-09-12 18:19:26,162 - wsl - DEBUG - -0.000093
2017-09-12 18:19:32,207 - wsl - DEBUG - -0.0000742
2017-09-12 18:19:37,686 - wsl - DEBUG - -0.0000702
2017-09-12 18:19:42,353 - wsl - DEBUG - -0.0000662
2017-09-12 18:19:48,191 - wsl - DEBUG - -0.00006613
2017-09-12 18:19:53,268 - wsl - DEBUG - -0.0000592
2017-09-12 18:19:58,255 - wsl - DEBUG - -0.0000522
2017-09-12 18:20:02,903 - wsl - DEBUG - -0.00002309
2017-09-12 18:20:08,714 - wsl - DEBUG - -0.00004198
2017-09-12 18:20:13,976 - wsl - DEBUG - -0.00004294
2017-09-12 18:20:20,371 - wsl - DEBUG - -0.00004287
2017-09-12 18:20:24,914 - wsl - DEBUG - -0.00003776
2017-09-12 18:20:30,962 - wsl - DEBUG - -0.00004067
2017-09-12 18:20:35,698 - wsl - DEBUG - -0.00004653
2017-09-12 18:20:41,435 - wsl - DEBUG - -0.00004646
2017-09-12 18:20:46,227 - wsl - DEBUG - -0.00004346
2017-09-12 18:20:50,655 - wsl - DEBUG - -0.0000434
2017-09-12 18:20:54,907 - wsl - DEBUG - -0.00003834
2017-09-12 18:20:58,695 - wsl - DEBUG - -0.00003197
2017-09-12 18:21:04,101 - wsl - DEBUG - -0.00003197
2017-09-12 18:21:07,984 - wsl - DEBUG - -0.00003716
2017-09-12 18:21:13,927 - wsl - DEBUG - -0.00003205
2017-09-12 18:21:19,211 - wsl - DEBUG - -0.00003202
2017-09-12 18:21:23,368 - wsl - DEBUG - -0.00003202
2017-09-12 18:21:29,293 - wsl - DEBUG - -0.00003093
2017-09-12 18:21:34,588 - wsl - DEBUG - -0.00002989
2017-09-12 18:21:38,549 - wsl - DEBUG - -0.0000288
2017-09-12 18:21:44,277 - wsl - DEBUG - -0.0000278
2017-09-12 18:21:49,322 - wsl - DEBUG - -0.0000228
2017-09-12 18:21:55,404 - wsl - DEBUG - -0.0000138
2017-09-12 18:22:00,713 - wsl - DEBUG - -0.0000138
2017-09-12 18:22:06,972 - wsl - DEBUG - -0.0000138
2017-09-12 18:22:12,557 - wsl - DEBUG - -0.0000138
2017-09-12 18:22:17,911 - wsl - DEBUG - 0.000015
2017-09-12 18:22:22,835 - wsl - DEBUG - 0.00000191
2017-09-12 18:22:27,928 - wsl - DEBUG - 0.00000791
2017-09-12 18:22:32,503 - wsl - DEBUG - 0.00000791
2017-09-12 18:22:37,503 - wsl - DEBUG - 0.00000791
2017-09-12 18:22:43,633 - wsl - DEBUG - 0.00001049
2017-09-12 18:22:48,345 - wsl - DEBUG - 0.000015
2017-09-12 18:22:54,178 - wsl - DEBUG - 0.00001501
2017-09-12 18:22:59,034 - wsl - DEBUG - 0.00001101
2017-09-12 18:23:04,223 - wsl - DEBUG - 0.00000601
2017-09-12 18:23:08,818 - wsl - DEBUG - 0.00000301
2017-09-12 18:23:14,374 - wsl - DEBUG - 0.00000301
2017-09-12 18:23:19,042 - wsl - DEBUG - 0.00000301
2017-09-12 18:23:23,214 - wsl - DEBUG - 0.00000301
2017-09-12 18:23:29,903 - wsl - DEBUG - 0.00000301
2017-09-12 18:23:33,783 - wsl - DEBUG - 0.00000601
2017-09-12 18:23:39,076 - wsl - DEBUG - 0.00000601
2017-09-12 18:23:42,638 - wsl - DEBUG - 0.00000601
2017-09-12 18:23:47,707 - wsl - DEBUG - 0.00000601
2017-09-12 18:23:53,000 - wsl - DEBUG - 0.00000601
2017-09-12 18:23:57,627 - wsl - DEBUG - 0.00000601
2017-09-12 18:24:02,375 - wsl - DEBUG - 0.00000601
2017-09-12 18:24:06,677 - wsl - DEBUG - 0.00000601
2017-09-12 18:24:12,086 - wsl - DEBUG - 0.00000601
2017-09-12 18:24:17,231 - wsl - DEBUG - 0.00001201
2017-09-12 18:24:22,306 - wsl - DEBUG - -0.0000415
2017-09-12 18:24:29,225 - wsl - DEBUG - -0.00003837
2017-09-12 18:24:33,818 - wsl - DEBUG - -0.00003837
2017-09-12 18:24:38,803 - wsl - DEBUG - -0.00003837
2017-09-12 18:24:43,046 - wsl - DEBUG - -0.00003833
2017-09-12 18:24:48,195 - wsl - DEBUG - -0.00003826
2017-09-12 18:24:52,667 - wsl - DEBUG - -0.00003826
2017-09-12 18:24:56,680 - wsl - DEBUG - -0.00003621
2017-09-12 18:25:00,751 - wsl - DEBUG - -0.00003621
2017-09-12 18:25:05,419 - wsl - DEBUG - -0.00003816
2017-09-12 18:25:10,076 - wsl - DEBUG - -0.00004308
2017-09-12 18:25:16,218 - wsl - DEBUG - -0.00004852
2017-09-12 18:25:20,512 - wsl - DEBUG - -0.00004851
2017-09-12 18:25:25,778 - wsl - DEBUG - -0.00004844
2017-09-12 18:25:30,527 - wsl - DEBUG - -0.000061
2017-09-12 18:25:35,325 - wsl - DEBUG - -0.00004833
2017-09-12 18:25:40,571 - wsl - DEBUG - -0.00006232
2017-09-12 18:25:45,143 - wsl - DEBUG - -0.00006029
2017-09-12 18:25:49,719 - wsl - DEBUG - -0.00006023
2017-09-12 18:25:54,750 - wsl - DEBUG - -0.00005916
2017-09-12 18:25:58,995 - wsl - DEBUG - -0.00006016
2017-09-12 18:26:03,831 - wsl - DEBUG - -0.00005812
2017-09-12 18:26:08,435 - wsl - DEBUG - -0.00005807
2017-09-12 18:26:12,739 - wsl - DEBUG - -0.00006307
2017-09-12 18:26:16,690 - wsl - DEBUG - -0.00006007
2017-09-12 18:26:21,415 - wsl - DEBUG - -0.00006299
2017-09-12 18:26:26,237 - wsl - DEBUG - -0.00006296
2017-09-12 18:26:31,357 - wsl - DEBUG - -0.00006283
2017-09-12 18:26:36,613 - wsl - DEBUG - -0.00006271
2017-09-12 18:26:40,429 - wsl - DEBUG - -0.00006271
2017-09-12 18:26:45,210 - wsl - DEBUG - -0.00006263
2017-09-12 18:26:50,846 - wsl - DEBUG - -0.0000626
2017-09-12 18:26:56,694 - wsl - DEBUG - -0.0000626
2017-09-12 18:27:01,140 - wsl - DEBUG - -0.0000566
2017-09-12 18:27:05,773 - wsl - DEBUG - -0.00006051
2017-09-12 18:27:10,157 - wsl - DEBUG - -0.00006051
2017-09-12 18:27:14,405 - wsl - DEBUG - -0.00005541
2017-09-12 18:27:18,579 - wsl - DEBUG - -0.00005541
2017-09-12 18:27:22,142 - wsl - DEBUG - -0.00005241
2017-09-12 18:27:26,433 - wsl - DEBUG - -0.0000503
2017-09-12 18:27:30,467 - wsl - DEBUG - -0.00005022
2017-09-12 18:27:34,344 - wsl - DEBUG - -0.00004918
2017-09-12 18:27:39,541 - wsl - DEBUG - -0.00004908
2017-09-12 18:27:43,605 - wsl - DEBUG - -0.00004108
2017-09-12 18:27:47,645 - wsl - DEBUG - -0.000068
2017-09-12 18:27:52,755 - wsl - DEBUG - -0.00003604
2017-09-12 18:27:56,823 - wsl - DEBUG - -0.00003495
2017-09-12 18:28:04,043 - wsl - DEBUG - -0.00003595
2017-09-12 18:28:08,081 - wsl - DEBUG - -0.00003594
2017-09-12 18:28:12,752 - wsl - DEBUG - -0.0000359
2017-09-12 18:28:17,322 - wsl - DEBUG - -0.0000359
2017-09-12 18:28:21,971 - wsl - DEBUG - -0.0000358
2017-09-12 18:28:26,777 - wsl - DEBUG - -0.0000358
2017-09-12 18:28:31,584 - wsl - DEBUG - -0.00003576
2017-09-12 18:28:36,413 - wsl - DEBUG - -0.00003576
2017-09-12 18:28:41,519 - wsl - DEBUG - -0.00003573
2017-09-12 18:28:45,314 - wsl - DEBUG - -0.00003573
2017-09-12 18:28:49,463 - wsl - DEBUG - -0.00003873
2017-09-12 18:28:53,578 - wsl - DEBUG - -0.00003566
2017-09-12 18:28:59,305 - wsl - DEBUG - -0.00003566
2017-09-12 18:29:02,856 - wsl - DEBUG - -0.00003564
2017-09-12 18:29:06,703 - wsl - DEBUG - -0.00003558
2017-09-12 18:29:11,027 - wsl - DEBUG - -0.00003558
2017-09-12 18:29:15,287 - wsl - DEBUG - -0.00003558
2017-09-12 18:29:19,924 - wsl - DEBUG - -0.00003552
2017-09-12 18:29:24,874 - wsl - DEBUG - -0.00003852
2017-09-12 18:29:29,340 - wsl - DEBUG - -0.00003551
2017-09-12 18:29:33,434 - wsl - DEBUG - -0.00004251
2017-09-12 18:29:37,615 - wsl - DEBUG - -0.00004251
2017-09-12 18:29:41,912 - wsl - DEBUG - -0.00004251
2017-09-12 18:29:46,595 - wsl - DEBUG - -0.00004251
2017-09-12 18:29:50,603 - wsl - DEBUG - -0.00004251
2017-09-12 18:29:54,605 - wsl - DEBUG - -0.00004251
2017-09-12 18:29:59,352 - wsl - DEBUG - -0.00004251
2017-09-12 18:30:03,535 - wsl - DEBUG - -0.00004251
2017-09-12 18:30:08,903 - wsl - DEBUG - -0.00004251
2017-09-12 18:30:13,276 - wsl - DEBUG - -0.00004251
2017-09-12 18:30:17,763 - wsl - DEBUG - -0.00004251
2017-09-12 18:30:23,268 - wsl - DEBUG - -0.00004251
2017-09-12 18:30:28,171 - wsl - DEBUG - -0.00004751
2017-09-12 18:30:33,664 - wsl - DEBUG - -0.00004751
2017-09-12 18:30:38,834 - wsl - DEBUG - -0.00004751
2017-09-12 18:30:42,862 - wsl - DEBUG - -0.00004751
2017-09-12 18:30:47,672 - wsl - DEBUG - -0.00005251
2017-09-12 18:30:51,282 - wsl - DEBUG - -0.00005651
2017-09-12 18:30:56,382 - wsl - DEBUG - -0.00005451
2017-09-12 18:31:03,307 - wsl - DEBUG - -0.00005451
2017-09-12 18:31:07,935 - wsl - DEBUG - -0.00005351
2017-09-12 18:31:11,955 - wsl - DEBUG - -0.00005351
2017-09-12 18:31:18,008 - wsl - DEBUG - -0.00005451
2017-09-12 18:31:22,383 - wsl - DEBUG - -0.00004451
2017-09-12 18:31:28,003 - wsl - DEBUG - -0.00004451
2017-09-12 18:31:32,524 - wsl - DEBUG - -0.00004451
2017-09-12 18:31:37,206 - wsl - DEBUG - -0.00004251
2017-09-12 18:31:41,442 - wsl - DEBUG - -0.00010951
2017-09-12 18:31:47,730 - wsl - DEBUG - -0.000111
2017-09-12 18:31:52,103 - wsl - DEBUG - -0.00011099
2017-09-12 18:31:56,930 - wsl - DEBUG - -0.00010499
2017-09-12 18:32:01,140 - wsl - DEBUG - -0.00010751
2017-09-12 18:32:05,280 - wsl - DEBUG - -0.00010799
2017-09-12 18:32:09,693 - wsl - DEBUG - -0.00010799
2017-09-12 18:32:13,883 - wsl - DEBUG - -0.00010599
2017-09-12 18:32:18,188 - wsl - DEBUG - -0.00010599
2017-09-12 18:32:24,972 - wsl - DEBUG - -0.00010299
2017-09-12 18:32:29,064 - wsl - DEBUG - -0.00010099
2017-09-12 18:32:33,926 - wsl - DEBUG - -0.000098
2017-09-12 18:32:37,913 - wsl - DEBUG - -0.000113
2017-09-12 18:32:42,729 - wsl - DEBUG - -0.00010099
2017-09-12 18:32:47,158 - wsl - DEBUG - -0.00010199
2017-09-12 18:32:52,670 - wsl - DEBUG - -0.000120
2017-09-12 18:32:56,804 - wsl - DEBUG - -0.00009499
2017-09-12 18:33:01,824 - wsl - DEBUG - -0.00009199
2017-09-12 18:33:07,684 - wsl - DEBUG - -0.000088
2017-09-12 18:33:11,647 - wsl - DEBUG - -0.00008799
2017-09-12 18:33:16,190 - wsl - DEBUG - -0.000021
2017-09-12 18:33:22,706 - wsl - DEBUG - -0.000021
2017-09-12 18:33:27,997 - wsl - DEBUG - 0.00003896
2017-09-12 18:33:33,382 - wsl - DEBUG - 0.00003896
2017-09-12 18:33:37,652 - wsl - DEBUG - -0.00001699
2017-09-12 18:33:43,149 - wsl - DEBUG - -0.00008399
2017-09-12 18:33:48,143 - wsl - DEBUG - -0.00008299
2017-09-12 18:33:53,063 - wsl - DEBUG - -0.00008599
2017-09-12 18:33:58,990 - wsl - DEBUG - -0.000085
2017-09-12 18:34:03,943 - wsl - DEBUG - -0.00008399
2017-09-12 18:34:09,225 - wsl - DEBUG - -0.00008399
2017-09-12 18:34:13,917 - wsl - DEBUG - -0.00008299
2017-09-12 18:34:18,800 - wsl - DEBUG - -0.00008199
2017-09-12 18:34:26,639 - wsl - DEBUG - -0.00007799
2017-09-12 18:34:32,432 - wsl - DEBUG - -0.00007099
2017-09-12 18:34:37,320 - wsl - DEBUG - -0.00006999
2017-09-12 18:34:42,485 - wsl - DEBUG - -0.00006999
2017-09-12 18:34:46,440 - wsl - DEBUG - -0.00006899
2017-09-12 18:34:51,456 - wsl - DEBUG - -0.00007099
2017-09-12 18:34:55,908 - wsl - DEBUG - -0.00007399
2017-09-12 18:34:59,997 - wsl - DEBUG - -0.00007699
2017-09-12 18:35:06,335 - wsl - DEBUG - -0.000078
2017-09-12 18:35:11,087 - wsl - DEBUG - -0.000077
2017-09-12 18:35:15,864 - wsl - DEBUG - -0.000077
2017-09-12 18:35:20,170 - wsl - DEBUG - -0.000077
2017-09-12 18:35:25,411 - wsl - DEBUG - -0.000077
2017-09-12 18:35:32,388 - wsl - DEBUG - -0.00008099
2017-09-12 18:35:36,149 - wsl - DEBUG - -0.00008099
2017-09-12 18:35:40,898 - wsl - DEBUG - -0.000080
2017-09-12 18:35:45,463 - wsl - DEBUG - -0.000077
2017-09-12 18:35:49,923 - wsl - DEBUG - -0.00007299
2017-09-12 18:35:53,521 - wsl - DEBUG - -0.0001005
2017-09-12 18:35:58,055 - wsl - DEBUG - -0.0000785
2017-09-12 18:36:07,501 - wsl - DEBUG - -0.00006099
2017-09-12 18:36:12,524 - wsl - DEBUG - -0.00006099
2017-09-12 18:36:17,072 - wsl - DEBUG - -0.0000825
2017-09-12 18:36:21,056 - wsl - DEBUG - -0.00005999
2017-09-12 18:36:26,132 - wsl - DEBUG - -0.0000825
2017-09-12 18:36:30,408 - wsl - DEBUG - -0.00005899
2017-09-12 18:36:37,267 - wsl - DEBUG - -0.0000865
2017-09-12 18:36:41,821 - wsl - DEBUG - -0.0000865
2017-09-12 18:36:46,282 - wsl - DEBUG - -0.0000865
2017-09-12 18:36:52,309 - wsl - DEBUG - -0.0000865
2017-09-12 18:36:57,435 - wsl - DEBUG - -0.0000865
2017-09-12 18:37:04,441 - wsl - DEBUG - -0.0000765
2017-09-12 19:42:46,955 - wsl - DEBUG - -0.00000698
2017-09-12 19:42:52,018 - wsl - DEBUG - 0.0000054
2017-09-12 19:42:56,633 - wsl - DEBUG - -0.00005083
2017-09-12 19:43:00,554 - wsl - DEBUG - -0.00005083
2017-09-12 19:43:03,895 - wsl - DEBUG - -0.00001803
2017-09-12 19:43:08,415 - wsl - DEBUG - -0.00005084
2017-09-12 19:43:12,191 - wsl - DEBUG - -0.00005084
2017-09-12 19:43:15,200 - wsl - DEBUG - -0.00004682
2017-09-12 19:43:19,255 - wsl - DEBUG - -0.00003442
2017-09-12 19:43:22,950 - wsl - DEBUG - -0.00005082
2017-09-12 19:43:26,667 - wsl - DEBUG - -0.00005082
2017-09-12 19:44:39,195 - wsl - DEBUG - -0.00002696
2017-09-12 19:44:42,082 - wsl - DEBUG - -0.00004333
2017-09-12 19:44:46,735 - wsl - DEBUG - -0.00004334
2017-09-12 19:44:51,442 - wsl - DEBUG - -0.00004334
2017-09-12 19:45:11,718 - wsl - DEBUG - -0.00004334
2017-09-12 19:45:15,732 - wsl - DEBUG - -0.00004333
2017-09-12 19:45:18,706 - wsl - DEBUG - -0.00001058
2017-09-12 19:45:22,172 - wsl - DEBUG - -0.00004333
2017-09-12 19:45:26,648 - wsl - DEBUG - -0.00004033
2017-09-12 19:45:30,789 - wsl - DEBUG - -0.00004034
2017-09-12 19:45:35,812 - wsl - DEBUG - -0.00004034
2017-09-12 19:45:41,158 - wsl - DEBUG - -0.000061
2017-09-12 19:45:44,178 - wsl - DEBUG - -0.00005799
2017-09-12 19:45:48,137 - wsl - DEBUG - -0.00005799
2017-09-12 19:45:52,386 - wsl - DEBUG - -0.00005999
2017-09-12 19:45:56,683 - wsl - DEBUG - -0.0000396
2017-09-12 19:46:00,413 - wsl - DEBUG - -0.00005399
2017-09-12 19:46:04,203 - wsl - DEBUG - -0.000101
2017-09-12 19:46:06,880 - wsl - DEBUG - -0.000052
2017-09-12 19:46:11,697 - wsl - DEBUG - -0.000053
2017-09-12 19:46:18,107 - wsl - DEBUG - -0.000052
2017-09-12 19:46:22,944 - wsl - DEBUG - -0.00005199
2017-09-12 19:46:27,351 - wsl - DEBUG - -0.000051
2017-09-12 19:46:34,454 - wsl - DEBUG - -0.000051
2017-09-12 19:46:39,381 - wsl - DEBUG - -0.00005098
2017-09-12 19:46:43,070 - wsl - DEBUG - -0.00005098
2017-09-12 19:46:45,794 - wsl - DEBUG - -0.00003856
2017-09-12 19:46:52,153 - wsl - DEBUG - -0.00003457
2017-09-12 19:46:56,499 - wsl - DEBUG - -0.000055
2017-09-12 19:47:00,498 - wsl - DEBUG - -0.00003958
2017-09-12 19:47:04,398 - wsl - DEBUG - -0.00003958
2017-09-12 19:47:08,153 - wsl - DEBUG - -0.00002319
2017-09-12 19:47:11,791 - wsl - DEBUG - -0.000056
2017-09-12 20:08:51,914 - wsl - DEBUG - 0.000147
2017-09-12 20:09:10,648 - wsl - DEBUG - 0.000155
2017-09-12 20:09:10,649 - wsl - DEBUG - 差价触发,准备交易========>diff: 0.000155
2017-09-12 20:09:10,649 - wsl - INFO - 差价满足但是ok的btc数量不足，或者bfx margin账户余额不足
2017-09-12 20:09:15,283 - wsl - DEBUG - 0.000152
2017-09-12 20:09:15,283 - wsl - DEBUG - 差价触发,准备交易========>diff: 0.000152
2017-09-12 20:09:15,283 - wsl - INFO - 差价满足但是ok的btc数量不足，或者bfx margin账户余额不足
2017-09-12 20:09:19,378 - wsl - DEBUG - 0.000160
2017-09-12 20:09:19,378 - wsl - DEBUG - 差价触发,准备交易========>diff: 0.000160
2017-09-12 20:09:19,379 - wsl - INFO - 差价满足但是ok的btc数量不足，或者bfx margin账户余额不足
2017-09-12 20:09:26,100 - wsl - DEBUG - 0.000152
2017-09-12 20:09:26,100 - wsl - DEBUG - 差价触发,准备交易========>diff: 0.000152
2017-09-12 20:09:31,448 - wsl - DEBUG - 0.000152
2017-09-12 20:09:31,449 - wsl - DEBUG - 差价触发,准备交易========>diff: 0.000152
2017-09-12 20:09:31,449 - wsl - INFO - 差价满足但是ok的btc数量不足，或者bfx margin账户余额不足
2017-09-12 20:12:14,457 - wsl - DEBUG - bitfinex深度信息获取失败
2017-09-12 20:12:28,395 - wsl - DEBUG - bitfinex深度信息获取失败
2017-09-12 20:12:48,323 - wsl - DEBUG - 0.000153
2017-09-12 20:12:48,323 - wsl - DEBUG - 差价触发,准备交易========>diff: 0.000153
2017-09-12 20:12:48,323 - wsl - INFO - 差价满足但是ok的btc数量不足，或者bfx margin账户余额不足
2017-09-12 20:16:57,465 - wsl - DEBUG - 0.000152
2017-09-12 20:16:57,465 - wsl - DEBUG - 差价触发,准备交易========>diff: 0.000152
2017-09-12 20:16:57,466 - wsl - INFO - ok 委买单， diff: 0.000152
2017-09-12 20:27:28,443 - wsl - DEBUG - 0.000112
2017-09-12 20:27:28,443 - wsl - DEBUG - 差价触发,准备交易========>diff: 0.000112
2017-09-12 20:27:28,443 - wsl - INFO - ok 委买单， diff: 0.000112
2017-09-12 20:27:30,624 - wsl - INFO - ok买单的成交量: 0  order_id: 8835757
2017-09-12 20:27:30,624 - wsl - INFO - ok买单成交量小于AMOUNT_MIN, 直接return
2017-09-12 20:34:32,414 - wsl - DEBUG - 0.00015885
2017-09-12 20:34:32,415 - wsl - DEBUG - 差价触发,准备交易========>diff: 0.00015885
2017-09-12 20:34:32,415 - wsl - INFO - ok 委买单======>  price: 0.01609015   amount: 0.1000000000000000055511151231   diff0.00015885
2017-09-12 20:34:34,635 - wsl - INFO - ok买单的成交量: 0  order_id: 8838846
2017-09-12 20:34:34,635 - wsl - INFO - ok买单成交量小于AMOUNT_MIN, 直接return
2017-09-12 20:34:39,935 - wsl - DEBUG - 0.00015885
2017-09-12 20:34:39,935 - wsl - DEBUG - 差价触发,准备交易========>diff: 0.00015885
2017-09-12 20:34:39,936 - wsl - INFO - ok 委买单======>  price: 0.01609015   amount: 0.1000000000000000055511151231   diff0.00015885
2017-09-12 20:34:42,037 - wsl - INFO - ok买单的成交量: 0  order_id: 8838870
2017-09-12 20:34:42,037 - wsl - INFO - ok买单成交量小于AMOUNT_MIN, 直接return
2017-09-12 20:34:46,320 - wsl - DEBUG - 0.00015885
2017-09-12 20:34:46,320 - wsl - DEBUG - 差价触发,准备交易========>diff: 0.00015885
2017-09-12 20:34:46,320 - wsl - INFO - ok 委买单======>  price: 0.01609015   amount: 0.1000000000000000055511151231   diff0.00015885
2017-09-12 20:34:48,723 - wsl - INFO - ok买单的成交量: 0  order_id: 8838899
2017-09-12 20:34:48,723 - wsl - INFO - ok买单成交量小于AMOUNT_MIN, 直接return
2017-09-12 20:36:06,909 - wsl - DEBUG - 0.000175
2017-09-12 20:36:06,909 - wsl - DEBUG - 差价触发,准备交易========>diff: 0.000175
2017-09-12 20:36:06,909 - wsl - INFO - ok 委买单======>  price: 0.016066   amount: 0.1000000000000000055511151231   diff0.000175
2017-09-12 20:36:10,351 - wsl - INFO - ok买单的成交量: 0  order_id: 8839397
2017-09-12 20:36:10,351 - wsl - INFO - ok买单成交量小于AMOUNT_MIN, 直接return
2017-09-12 20:36:13,405 - wsl - DEBUG - 0.000175
2017-09-12 20:36:13,405 - wsl - DEBUG - 差价触发,准备交易========>diff: 0.000175
2017-09-12 20:36:13,405 - wsl - INFO - ok 委买单======>  price: 0.016066   amount: 0.1000000000000000055511151231   diff0.000175
2017-09-12 20:36:16,817 - wsl - INFO - ok买单的成交量: 0  order_id: 8839458
2017-09-12 20:36:16,817 - wsl - INFO - ok买单成交量小于AMOUNT_MIN, 直接return
2017-09-12 20:36:19,827 - wsl - DEBUG - 0.000176
2017-09-12 20:36:19,827 - wsl - DEBUG - 差价触发,准备交易========>diff: 0.000176
2017-09-12 20:36:19,828 - wsl - INFO - ok 委买单======>  price: 0.016066   amount: 0.1000000000000000055511151231   diff0.000176
2017-09-12 20:36:23,088 - wsl - INFO - ok买单的成交量: 0  order_id: 8839520
2017-09-12 20:36:23,088 - wsl - INFO - ok买单成交量小于AMOUNT_MIN, 直接return
2017-09-12 20:36:27,730 - wsl - DEBUG - 0.000173
2017-09-12 20:36:27,731 - wsl - DEBUG - 差价触发,准备交易========>diff: 0.000173
2017-09-12 20:36:27,731 - wsl - INFO - ok 委买单======>  price: 0.016069   amount: 0.1000000000000000055511151231   diff0.000173
2017-09-12 20:36:30,913 - wsl - INFO - ok买单的成交量: 0  order_id: 8839568
2017-09-12 20:36:30,913 - wsl - INFO - ok买单成交量小于AMOUNT_MIN, 直接return
2017-09-12 20:36:34,798 - wsl - DEBUG - 0.000171
2017-09-12 20:36:34,798 - wsl - DEBUG - 差价触发,准备交易========>diff: 0.000171
2017-09-12 20:36:34,798 - wsl - INFO - 差价满足但是bfx margin账户余额不足
2017-09-12 20:36:41,588 - wsl - DEBUG - 0.000169
2017-09-12 20:36:41,589 - wsl - DEBUG - 差价触发,准备交易========>diff: 0.000169
2017-09-12 20:36:41,589 - wsl - INFO - 差价满足但是bfx margin账户余额不足
2017-09-12 20:36:45,447 - wsl - DEBUG - 0.000167
2017-09-12 20:36:45,447 - wsl - DEBUG - 差价触发,准备交易========>diff: 0.000167
2017-09-12 20:36:45,447 - wsl - INFO - ok 委买单======>  price: 0.016073   amount: 0.1000000000000000055511151231   diff0.000167
2017-09-12 20:36:48,763 - wsl - INFO - ok买单的成交量: 0  order_id: 8839664
2017-09-12 20:36:48,763 - wsl - INFO - ok买单成交量小于AMOUNT_MIN, 直接return
2017-09-12 20:36:55,060 - wsl - DEBUG - 0.000168
2017-09-12 20:36:55,060 - wsl - DEBUG - 差价触发,准备交易========>diff: 0.000168
2017-09-12 20:36:55,061 - wsl - INFO - 差价满足但是bfx margin账户余额不足
2017-09-12 20:37:00,140 - wsl - DEBUG - 0.000168
2017-09-12 20:37:00,140 - wsl - DEBUG - 差价触发,准备交易========>diff: 0.000168
2017-09-12 20:37:00,140 - wsl - INFO - 差价满足但是bfx margin账户余额不足
2017-09-12 20:37:03,004 - wsl - DEBUG - 0.000167
2017-09-12 20:37:03,004 - wsl - DEBUG - 差价触发,准备交易========>diff: 0.000167
2017-09-12 20:37:03,004 - wsl - INFO - ok 委买单======>  price: 0.016076   amount: 0.1000000000000000055511151231   diff0.000167
2017-09-12 20:37:06,243 - wsl - INFO - ok买单的成交量: 0  order_id: 8839725
2017-09-12 20:37:06,243 - wsl - INFO - ok买单成交量小于AMOUNT_MIN, 直接return
2017-09-12 20:37:11,627 - wsl - DEBUG - 0.000164
2017-09-12 20:37:11,627 - wsl - DEBUG - 差价触发,准备交易========>diff: 0.000164
2017-09-12 20:37:11,627 - wsl - INFO - ok 委买单======>  price: 0.016079   amount: 0.1000000000000000055511151231   diff0.000164
2017-09-12 20:37:14,802 - wsl - INFO - ok买单的成交量: 0  order_id: 8839784
2017-09-12 20:37:14,802 - wsl - INFO - ok买单成交量小于AMOUNT_MIN, 直接return
2017-09-12 20:37:19,680 - wsl - DEBUG - 0.000158
2017-09-12 20:37:19,680 - wsl - DEBUG - 差价触发,准备交易========>diff: 0.000158
2017-09-12 20:37:19,681 - wsl - INFO - ok 委买单======>  price: 0.016081   amount: 0.1000000000000000055511151231   diff0.000158
2017-09-12 20:37:22,968 - wsl - INFO - ok买单的成交量: 0  order_id: 8839883
2017-09-12 20:37:22,968 - wsl - INFO - ok买单成交量小于AMOUNT_MIN, 直接return
2017-09-12 20:37:27,166 - wsl - DEBUG - 0.00014013
2017-09-12 20:37:27,166 - wsl - DEBUG - 差价触发,准备交易========>diff: 0.00014013
2017-09-12 20:37:27,167 - wsl - INFO - ok 委买单======>  price: 0.01609887   amount: 0.1000000000000000055511151231   diff0.00014013
2017-09-12 20:37:30,421 - wsl - INFO - ok买单的成交量: 0  order_id: 8839948
2017-09-12 20:37:30,421 - wsl - INFO - ok买单成交量小于AMOUNT_MIN, 直接return
2017-09-12 20:37:34,371 - wsl - DEBUG - 0.00013313
2017-09-12 20:37:34,371 - wsl - DEBUG - 差价触发,准备交易========>diff: 0.00013313
2017-09-12 20:37:34,372 - wsl - INFO - ok 委买单======>  price: 0.01610587   amount: 0.1000000000000000055511151231   diff0.00013313
2017-09-12 20:37:37,693 - wsl - INFO - ok买单的成交量: 0  order_id: 8840019
2017-09-12 20:37:37,693 - wsl - INFO - ok买单成交量小于AMOUNT_MIN, 直接return
2017-09-12 20:37:42,841 - wsl - DEBUG - 0.00012413
2017-09-12 20:37:42,841 - wsl - DEBUG - 差价触发,准备交易========>diff: 0.00012413
2017-09-12 20:37:42,842 - wsl - INFO - ok 委买单======>  price: 0.01611487   amount: 0.1000000000000000055511151231   diff0.00012413
2017-09-12 20:37:46,101 - wsl - INFO - ok买单的成交量: 0  order_id: 8840090
2017-09-12 20:37:46,101 - wsl - INFO - ok买单成交量小于AMOUNT_MIN, 直接return
2017-09-12 20:37:49,733 - wsl - DEBUG - 0.00013599
2017-09-12 20:37:49,733 - wsl - DEBUG - 差价触发,准备交易========>diff: 0.00013599
2017-09-12 20:37:49,734 - wsl - INFO - ok 委买单======>  price: 0.01610301   amount: 0.1000000000000000055511151231   diff0.00013599
2017-09-12 20:37:52,784 - wsl - INFO - ok买单的成交量: 0  order_id: 8840158
2017-09-12 20:37:52,785 - wsl - INFO - ok买单成交量小于AMOUNT_MIN, 直接return
2017-09-12 20:37:57,286 - wsl - DEBUG - 0.00015717
2017-09-12 20:37:57,287 - wsl - DEBUG - 差价触发,准备交易========>diff: 0.00015717
2017-09-12 20:38:04,139 - wsl - DEBUG - 0.00015717
2017-09-12 20:38:04,139 - wsl - DEBUG - 差价触发,准备交易========>diff: 0.00015717
2017-09-12 20:38:09,522 - wsl - DEBUG - 0.00015617
2017-09-12 20:38:09,523 - wsl - DEBUG - 差价触发,准备交易========>diff: 0.00015617
2017-09-12 20:38:13,309 - wsl - DEBUG - 0.00010617
2017-09-12 20:38:13,309 - wsl - DEBUG - 差价触发,准备交易========>diff: 0.00010617
2017-09-12 20:38:13,310 - wsl - INFO - ok 委买单======>  price: 0.01613783   amount: 0.1000000000000000055511151231   diff0.00010617
2017-09-12 20:38:16,548 - wsl - INFO - ok买单的成交量: 0  order_id: 8840273
2017-09-12 20:38:16,548 - wsl - INFO - ok买单成交量小于AMOUNT_MIN, 直接return
2017-09-12 20:38:20,489 - wsl - DEBUG - 0.00016318
2017-09-12 20:38:20,489 - wsl - DEBUG - 差价触发,准备交易========>diff: 0.00016318
2017-09-12 20:38:20,489 - wsl - INFO - ok 委买单======>  price: 0.01608082   amount: 0.1000000000000000055511151231   diff0.00016318
2017-09-12 20:38:23,692 - wsl - INFO - ok买单的成交量: 0  order_id: 8840305
2017-09-12 20:38:23,692 - wsl - INFO - ok买单成交量小于AMOUNT_MIN, 直接return
2017-09-12 20:38:26,903 - wsl - DEBUG - 0.000162
2017-09-12 20:38:26,903 - wsl - DEBUG - 差价触发,准备交易========>diff: 0.000162
2017-09-12 20:38:26,904 - wsl - INFO - ok 委买单======>  price: 0.016082   amount: 0.1000000000000000055511151231   diff0.000162
2017-09-12 20:38:30,191 - wsl - INFO - ok买单的成交量: 0  order_id: 8840374
2017-09-12 20:38:30,191 - wsl - INFO - ok买单成交量小于AMOUNT_MIN, 直接return
2017-09-12 20:38:35,511 - wsl - DEBUG - 0.000160
2017-09-12 20:38:35,511 - wsl - DEBUG - 差价触发,准备交易========>diff: 0.000160
2017-09-12 20:38:35,511 - wsl - INFO - ok 委买单======>  price: 0.016084   amount: 0.1000000000000000055511151231   diff0.000160
2017-09-12 20:38:38,817 - wsl - INFO - ok买单的成交量: 0  order_id: 8840430
2017-09-12 20:38:38,817 - wsl - INFO - ok买单成交量小于AMOUNT_MIN, 直接return
2017-09-12 20:38:43,906 - wsl - DEBUG - 0.000158
2017-09-12 20:38:43,906 - wsl - DEBUG - 差价触发,准备交易========>diff: 0.000158
2017-09-12 20:38:43,907 - wsl - INFO - ok 委买单======>  price: 0.016086   amount: 0.1000000000000000055511151231   diff0.000158
2017-09-12 20:38:46,981 - wsl - INFO - ok买单的成交量: 0  order_id: 8840493
2017-09-12 20:38:46,981 - wsl - INFO - ok买单成交量小于AMOUNT_MIN, 直接return
2017-09-12 20:38:56,400 - wsl - DEBUG - 0.000134
2017-09-12 20:38:56,400 - wsl - DEBUG - 差价触发,准备交易========>diff: 0.000134
2017-09-12 20:39:02,417 - wsl - DEBUG - 0.00013022
2017-09-12 20:39:02,417 - wsl - DEBUG - 差价触发,准备交易========>diff: 0.00013022
2017-09-12 20:39:02,418 - wsl - INFO - ok 委买单======>  price: 0.01611378   amount: 0.1000000000000000055511151231   diff0.00013022
2017-09-12 20:39:05,735 - wsl - INFO - ok买单的成交量: 0  order_id: 8840649
2017-09-12 20:39:05,735 - wsl - INFO - ok买单成交量小于AMOUNT_MIN, 直接return
2017-09-12 20:39:12,215 - wsl - DEBUG - 0.00006902
2017-09-12 20:39:17,620 - wsl - DEBUG - 0.000060
2017-09-12 20:39:22,823 - wsl - DEBUG - 0.00006102
2017-09-12 20:39:27,299 - wsl - DEBUG - 0.000053
2017-09-12 20:39:31,131 - wsl - DEBUG - 0.00002702
2017-09-12 20:39:36,278 - wsl - DEBUG - 0.00002802
2017-09-12 20:39:41,021 - wsl - DEBUG - 0.00005803
2017-09-12 20:39:48,113 - wsl - DEBUG - 0.00005603
2017-09-12 20:39:54,250 - wsl - DEBUG - 0.00005603
2017-09-12 20:39:59,527 - wsl - DEBUG - 0.00005603
2017-09-12 20:40:03,179 - wsl - DEBUG - 0.00010057
2017-09-12 20:40:03,179 - wsl - DEBUG - 差价触发,准备交易========>diff: 0.00010057
2017-09-12 20:40:03,179 - wsl - INFO - ok 委买单======>  price: 0.01615743   amount: 0.1000000000000000055511151231   diff0.00010057
2017-09-12 20:40:06,541 - wsl - INFO - ok买单的成交量: 0  order_id: 8841186
2017-09-12 20:40:06,541 - wsl - INFO - ok买单成交量小于AMOUNT_MIN, 直接return
2017-09-12 20:40:11,004 - wsl - DEBUG - 0.00009057
2017-09-12 20:40:16,552 - wsl - DEBUG - 0.00013801
2017-09-12 20:40:16,553 - wsl - DEBUG - 差价触发,准备交易========>diff: 0.00013801
2017-09-12 20:40:16,553 - wsl - INFO - ok 委买单======>  price: 0.01612499   amount: 0.1000000000000000055511151231   diff0.00013801
2017-09-12 20:40:19,953 - wsl - INFO - ok买单的成交量: 0  order_id: 8841305
2017-09-12 20:40:19,953 - wsl - INFO - ok买单成交量小于AMOUNT_MIN, 直接return
2017-09-12 20:40:24,463 - wsl - DEBUG - 0.00013801
2017-09-12 20:40:24,464 - wsl - DEBUG - 差价触发,准备交易========>diff: 0.00013801
2017-09-12 20:40:24,464 - wsl - INFO - ok 委买单======>  price: 0.01613599   amount: 0.1000000000000000055511151231   diff0.00013801
2017-09-12 20:40:27,538 - wsl - INFO - ok买单的成交量: 0  order_id: 8841385
2017-09-12 20:40:27,538 - wsl - INFO - ok买单成交量小于AMOUNT_MIN, 直接return
2017-09-12 20:40:34,207 - wsl - DEBUG - 0.00017753
2017-09-12 20:40:34,207 - wsl - DEBUG - 差价触发,准备交易========>diff: 0.00017753
